Log file open, 08/25/18 15:53:08
LogWindows: Failed to load 'aqProf.dll' (GetLastError=126)
LogWindows: File 'aqProf.dll' does not exist
LogWindows: Failed to load 'VSPerf140.dll' (GetLastError=126)
LogWindows: File 'VSPerf140.dll' does not exist
LogWindows: Failed to load 'VtuneApi.dll' (GetLastError=126)
LogWindows: File 'VtuneApi.dll' does not exist
LogWindows: Failed to load 'VtuneApi32e.dll' (GetLastError=126)
LogWindows: File 'VtuneApi32e.dll' does not exist
LogInit: Display: Running engine for game: BrackeysJam
LogPlatformFile: Not using cached read wrapper
LogTaskGraph: Started task graph with 5 named threads and 23 total threads with 3 sets of task threads.
LogStats: Stats thread started at 0.290510
LogD3D11RHI: Loaded GFSDK_Aftermath_Lib.x64.dll
LogICUInternationalization: Display: ICU TimeZone Detection - Raw Offset: -8:00, Platform Override: ''
LogPluginManager: Mounting plugin Paper2D
LogPluginManager: Mounting plugin AISupport
LogPluginManager: Mounting plugin LightPropagationVolume
LogPluginManager: Mounting plugin CLionSourceCodeAccess
LogPluginManager: Mounting plugin CodeLiteSourceCodeAccess
LogPluginManager: Mounting plugin GitSourceControl
LogPluginManager: Mounting plugin KDevelopSourceCodeAccess
LogPluginManager: Mounting plugin NullSourceCodeAccess
LogPluginManager: Mounting plugin PerforceSourceControl
LogPluginManager: Mounting plugin SubversionSourceControl
LogPluginManager: Mounting plugin UObjectPlugin
LogPluginManager: Mounting plugin VisualStudioCodeSourceCodeAccess
LogPluginManager: Mounting plugin VisualStudioSourceCodeAccess
LogPluginManager: Mounting plugin XCodeSourceCodeAccess
LogPluginManager: Mounting plugin AssetManagerEditor
LogPluginManager: Mounting plugin CryptoKeys
LogPluginManager: Mounting plugin DataValidation
LogPluginManager: Mounting plugin FacialAnimation
LogPluginManager: Mounting plugin GameplayTagsEditor
LogPluginManager: Mounting plugin MacGraphicsSwitching
LogPluginManager: Mounting plugin MeshEditor
LogPluginManager: Mounting plugin MobileLauncherProfileWizard
LogPluginManager: Mounting plugin PluginBrowser
LogPluginManager: Mounting plugin SpeedTreeImporter
LogPluginManager: Mounting plugin DatasmithContent
LogPluginManager: Mounting plugin AlembicImporter
LogPluginManager: Mounting plugin AppleImageUtils
LogPluginManager: Mounting plugin AppleVision
LogPluginManager: Mounting plugin BackChannel
LogPluginManager: Mounting plugin CharacterAI
LogPluginManager: Mounting plugin GeometryCache
LogPluginManager: Mounting plugin HTML5Networking
LogPluginManager: Mounting plugin ProxyLODPlugin
LogPluginManager: Mounting plugin MagicLeap
LogPluginManager: Mounting plugin MagicLeapEmulator
LogPluginManager: Mounting plugin MagicLeapMedia
LogPluginManager: Mounting plugin AndroidMedia
LogPluginManager: Mounting plugin AvfMedia
LogPluginManager: Mounting plugin ImgMedia
LogPluginManager: Mounting plugin LinearTimecode
LogPluginManager: Mounting plugin MediaCompositing
LogPluginManager: Mounting plugin MediaPlayerEditor
LogPluginManager: Mounting plugin WmfMedia
LogPluginManager: Mounting plugin TcpMessaging
LogPluginManager: Mounting plugin UdpMessaging
LogPluginManager: Mounting plugin ActorSequence
LogPluginManager: Mounting plugin LevelSequenceEditor
LogPluginManager: Mounting plugin MatineeToLevelSequence
LogPluginManager: Mounting plugin NetcodeUnitTest
LogPluginManager: Mounting plugin NUTUnrealEngine4
LogPluginManager: Mounting plugin OnlineSubsystemGooglePlay
LogPluginManager: Mounting plugin OnlineSubsystemIOS
LogPluginManager: Mounting plugin OnlineSubsystem
LogPluginManager: Mounting plugin OnlineSubsystemNull
LogPluginManager: Mounting plugin OnlineSubsystemUtils
LogPluginManager: Mounting plugin LauncherChunkInstaller
LogPluginManager: Mounting plugin AndroidDeviceProfileSelector
LogPluginManager: Mounting plugin AndroidMoviePlayer
LogPluginManager: Mounting plugin AndroidPermission
LogPluginManager: Mounting plugin AppleMoviePlayer
LogPluginManager: Mounting plugin ArchVisCharacter
LogPluginManager: Mounting plugin AudioCapture
LogPluginManager: Mounting plugin CableComponent
LogPluginManager: Mounting plugin CustomMeshComponent
LogPluginManager: Mounting plugin EditableMesh
LogPluginManager: Mounting plugin ExampleDeviceProfileSelector
LogPluginManager: Mounting plugin GoogleCloudMessaging
LogPluginManager: Mounting plugin ImmediatePhysics
LogPluginManager: Mounting plugin IOSDeviceProfileSelector
LogPluginManager: Mounting plugin LinuxDeviceProfileSelector
LogPluginManager: Mounting plugin LocationServicesBPLibrary
LogPluginManager: Mounting plugin MobilePatchingUtils
LogPluginManager: Mounting plugin OculusVR
LogPluginManager: Plugin shader directory ../../../Engine/Plugins/Runtime/Oculus/OculusVR/Shaders found
LogPluginManager: Mapping shader source directory ../../../Engine/Plugins/Runtime/Oculus/OculusVR/Shaders to virtual directory /Plugin/OculusVR
LogPluginManager: Mounting plugin PhysXVehicles
LogPluginManager: Mounting plugin ProceduralMeshComponent
LogPluginManager: Mounting plugin RuntimePhysXCooking
LogPluginManager: Mounting plugin SteamVR
LogPluginManager: Mounting plugin WindowsMoviePlayer
LogPluginManager: Mounting plugin FMODStudio
LogStreaming: Display: Took  0.111s to configure plugins.
LogInit: Using libcurl 7.55.1-DEV
LogInit:  - built for x86_64-pc-win32
LogInit:  - supports SSL with OpenSSL/1.0.2h
LogInit:  - supports HTTP deflate (compression) using libz 1.2.8
LogInit:  - other features:
LogInit:      CURL_VERSION_SSL
LogInit:      CURL_VERSION_LIBZ
LogInit:      CURL_VERSION_IPV6
LogInit:      CURL_VERSION_ASYNCHDNS
LogInit:      CURL_VERSION_LARGEFILE
LogInit:      CURL_VERSION_IDN
LogInit:  CurlRequestOptions (configurable via config and command line):
LogInit:  - bVerifyPeer = false  - Libcurl will NOT verify peer certificate
LogInit:  - bUseHttpProxy = false  - Libcurl will NOT use HTTP proxy
LogInit:  - bDontReuseConnections = false  - Libcurl will reuse connections
LogInit:  - CertBundlePath = nullptr  - Libcurl will use whatever was configured at build time.
LogInit:  - MaxHostConnections = 16  - Libcurl will limit the number of connections to a host
LogInit:  - LocalHostAddr = Default
LogInit:  - BufferSize = 65536
LogInit: WinSock: version 1.1 (2.2), MaxSocks=32767, MaxUdp=65467
LogInit: Build: ++UE4+Release-4.20-CL-4302132
LogInit: Engine Version: 4.20.2-4302132+++UE4+Release-4.20
LogInit: Compatible Engine Version: 4.20.0-4212847+++UE4+Release-4.20
LogInit: Net CL: 4212847
LogInit: OS: Windows 10 (), CPU: Intel(R) Core(TM) i7-7700HQ CPU @ 2.80GHz, GPU: Intel(R) HD Graphics 630
LogInit: Compiled (64-bit): Aug 21 2018 02:06:06
LogInit: Compiled with Visual C++: 19.13.26129.00
LogInit: Build Configuration: Development
LogInit: Branch Name: ++UE4+Release-4.20
LogInit: Command Line:  
LogInit: Base Directory: D:/Programs/Epic Games/UE_4.20/Engine/Binaries/Win64/
LogInit: Installed Engine Build: 1
LogDevObjectVersion: Number of dev versions registered: 20
LogDevObjectVersion:   Dev-Blueprints (B0D832E4-1F89-4F0D-ACCF-7EB736FD4AA2): 10
LogDevObjectVersion:   Dev-Build (E1C64328-A22C-4D53-A36C-8E866417BD8C): 0
LogDevObjectVersion:   Dev-Core (375EC13C-06E4-48FB-B500-84F0262A717E): 2
LogDevObjectVersion:   Dev-Editor (E4B068ED-F494-42E9-A231-DA0B2E46BB41): 24
LogDevObjectVersion:   Dev-Framework (CFFC743F-43B0-4480-9391-14DF171D2073): 34
LogDevObjectVersion:   Dev-Mobile (B02B49B5-BB20-44E9-A304-32B752E40360): 2
LogDevObjectVersion:   Dev-Networking (A4E4105C-59A1-49B5-A7C5-40C4547EDFEE): 0
LogDevObjectVersion:   Dev-Online (39C831C9-5AE6-47DC-9A44-9C173E1C8E7C): 0
LogDevObjectVersion:   Dev-Physics (78F01B33-EBEA-4F98-B9B4-84EACCB95AA2): 0
LogDevObjectVersion:   Dev-Platform (6631380F-2D4D-43E0-8009-CF276956A95A): 0
LogDevObjectVersion:   Dev-Rendering (12F88B9F-8875-4AFC-A67C-D90C383ABD29): 26
LogDevObjectVersion:   Dev-Sequencer (7B5AE74C-D270-4C10-A958-57980B212A5A): 9
LogDevObjectVersion:   Dev-VR (D7296918-1DD6-4BDD-9DE2-64A83CC13884): 2
LogDevObjectVersion:   Dev-LoadTimes (C2A15278-BFE7-4AFE-6C17-90FF531DF755): 1
LogDevObjectVersion:   Private-Geometry (6EACA3D4-40EC-4CC1-B786-8BED09428FC5): 3
LogDevObjectVersion:   Dev-AnimPhys (29E575DD-E0A3-4627-9D10-D276232CDCEA): 17
LogDevObjectVersion:   Dev-ReflectionCapture (6B266CEC-1EC7-4B8F-A30B-E4D90942FC07): 1
LogDevObjectVersion:   Dev-Automation (0DF73D61-A23F-47EA-B727-89E90C41499A): 1
LogDevObjectVersion:   FortniteMain (601D1886-AC64-4F84-AA16-D3DE0DEAC7D6): 12
LogDevObjectVersion:   Dev-Enterprise (9DFFBCD6-494F-0158-E221-12823C92A888): 1
LogStreaming: Display: Took  0.001s to delete old logs.
LogInit: Presizing for max 8388607 objects, including 0 objects not considered by GC, pre-allocating 0 bytes for permanent pool.
LogInit: Object subsystem initialized
[2018.08.25-22.53.08:896][  0]LogInit: Selected Device Profile: [Windows]
[2018.08.25-22.53.08:896][  0]LogInit: Applying CVar settings loaded from the selected device profile: [Windows]
[2018.08.25-22.53.08:912][  0]LogHAL: Display: Platform has ~ 16 GB [17059098624 / 17179869184 / 16], which maps to Larger [LargestMinGB=32, LargerMinGB=12, DefaultMinGB=8, SmallerMinGB=6, SmallestMinGB=0)
[2018.08.25-22.53.08:912][  0]LogInit: Setting Device Profile CVar: [[r.Vulkan.UseRealUBs:1]]
[2018.08.25-22.53.08:912][  0]LogInit: Going up to parent DeviceProfile []
[2018.08.25-22.53.08:913][  0]LogInit: Computer: ZEHX-LAPTOP
[2018.08.25-22.53.08:913][  0]LogInit: User: Zehx
[2018.08.25-22.53.08:913][  0]LogInit: CPU Page size=4096, Cores=4
[2018.08.25-22.53.08:913][  0]LogInit: High frequency timer resolution =2.742192 MHz
[2018.08.25-22.53.08:913][  0]LogMemory: Memory total: Physical=15.9GB (16GB approx)
[2018.08.25-22.53.08:913][  0]LogMemory: Platform Memory Stats for Windows
[2018.08.25-22.53.08:913][  0]LogMemory: Process Physical Memory: 99.75 MB used, 99.75 MB peak
[2018.08.25-22.53.08:913][  0]LogMemory: Process Virtual Memory: 91.04 MB used, 91.04 MB peak
[2018.08.25-22.53.08:914][  0]LogMemory: Physical Memory: 7117.22 MB used,  9151.60 MB free, 16268.82 MB total
[2018.08.25-22.53.08:914][  0]LogMemory: Virtual Memory: 4640.38 MB used,  9151.60 MB free, 134217728.00 MB total
[2018.08.25-22.53.08:934][  0]LogInit: Using OS detected language (en-US).
[2018.08.25-22.53.08:934][  0]LogInit: Using OS detected locale (en-CA).
[2018.08.25-22.53.08:934][  0]LogTextLocalizationManager: No specific localization for 'en-US' exists, so the 'en' localization will be used.
[2018.08.25-22.53.09:379][  0]LogStreaming: Display: Took  0.445s to InitEngineTextLocalization.
[2018.08.25-22.53.09:379][  0]LogInit: Setting process to per monitor DPI aware
[2018.08.25-22.53.09:424][  0]LogSlate: New Slate User Created.  User Index 0, Is Virtual User: 0
[2018.08.25-22.53.09:424][  0]LogSlate: Slate User Registered.  User Index 0, Is Virtual User: 0
[2018.08.25-22.53.09:663][  0]LogHMD: Failed to initialize OpenVR with code 110
[2018.08.25-22.53.09:663][  0]LogD3D11RHI: D3D11 adapters:
[2018.08.25-22.53.09:718][  0]LogD3D11RHI:    0. 'NVIDIA GeForce GTX 1050 Ti' (Feature Level 11_0)
[2018.08.25-22.53.09:718][  0]LogD3D11RHI:       4053/0/8134 MB DedicatedVideo/DedicatedSystem/SharedSystem, Outputs:2, VendorId:0x10de
[2018.08.25-22.53.09:727][  0]LogD3D11RHI:    1. 'Intel(R) HD Graphics 630' (Feature Level 11_0)
[2018.08.25-22.53.09:727][  0]LogD3D11RHI:       128/0/8134 MB DedicatedVideo/DedicatedSystem/SharedSystem, Outputs:0, VendorId:0x8086
[2018.08.25-22.53.09:729][  0]LogD3D11RHI:    2. 'Microsoft Basic Render Driver' (Feature Level 11_0)
[2018.08.25-22.53.09:729][  0]LogD3D11RHI:       0/0/8134 MB DedicatedVideo/DedicatedSystem/SharedSystem, Outputs:0, VendorId:0x1414
[2018.08.25-22.53.09:729][  0]LogD3D11RHI: Chosen D3D11 Adapter: 0
[2018.08.25-22.53.09:750][  0]LogD3D11RHI: Creating new Direct3DDevice
[2018.08.25-22.53.09:750][  0]LogD3D11RHI:     GPU DeviceId: 0x1c8c (for the marketing name, search the web for "GPU Device Id")
[2018.08.25-22.53.09:750][  0]LogWindows: EnumDisplayDevices:
[2018.08.25-22.53.09:751][  0]LogWindows:    0. 'Intel(R) HD Graphics 630' (P:0 D:1)
[2018.08.25-22.53.09:751][  0]LogWindows:    1. 'Intel(R) HD Graphics 630' (P:1 D:1)
[2018.08.25-22.53.09:751][  0]LogWindows:    2. 'Intel(R) HD Graphics 630' (P:0 D:0)
[2018.08.25-22.53.09:751][  0]LogWindows: DebugString: PrimaryIsNotTheChoosenAdapter PrimaryIsNotTheChoosenAdapter PrimaryIsNotTheChoosenAdapter FoundDriverCount:0 
[2018.08.25-22.53.09:751][  0]LogD3D11RHI:     Adapter Name: NVIDIA GeForce GTX 1050 Ti
[2018.08.25-22.53.09:751][  0]LogD3D11RHI:   Driver Version: Unknown (internal:Unknown, unified:Unknown)
[2018.08.25-22.53.09:751][  0]LogD3D11RHI:      Driver Date: Unknown
[2018.08.25-22.53.09:751][  0]LogRHI: Texture pool is 2837 MB (70% of 4053 MB)
[2018.08.25-22.53.09:778][  0]LogD3D11RHI: Async texture creation enabled
[2018.08.25-22.53.09:789][  0]LogD3D11RHI: GPU Timing Frequency: 1000.000000 (Debug: 2 1)
[2018.08.25-22.53.09:790][  0]LogShaderCompilers: Guid format shader working directory is -4 characters bigger than the processId version (../../../../../../Projects/Game Jams/BrackeysJam/Intermediate/Shaders/WorkingDirectory/11592/).
[2018.08.25-22.53.09:790][  0]LogShaderCompilers: Cleaned the shader compiler working directory 'C:/Users/Zehx/AppData/Local/Temp/UnrealShaderWorkingDir/C447BD1B463B0FEA01AF21B4D62D3233/'.
[2018.08.25-22.53.10:115][  0]LogTemp: Display: Loaded TP AllDesktopTargetPlatform
[2018.08.25-22.53.10:127][  0]LogTemp: Display: Loaded TP MacClientTargetPlatform
[2018.08.25-22.53.10:143][  0]LogTemp: Display: Loaded TP MacNoEditorTargetPlatform
[2018.08.25-22.53.10:157][  0]LogTemp: Display: Loaded TP MacServerTargetPlatform
[2018.08.25-22.53.10:172][  0]LogTemp: Display: Loaded TP MacTargetPlatform
[2018.08.25-22.53.10:185][  0]LogTemp: Display: Loaded TP WindowsClientTargetPlatform
[2018.08.25-22.53.10:200][  0]LogTemp: Display: Loaded TP WindowsNoEditorTargetPlatform
[2018.08.25-22.53.10:214][  0]LogTemp: Display: Loaded TP WindowsServerTargetPlatform
[2018.08.25-22.53.10:220][  0]LogTemp: Display: Loaded TP WindowsTargetPlatform
[2018.08.25-22.53.10:310][  0]LogTemp: Display: Loaded TP AndroidTargetPlatform
[2018.08.25-22.53.10:310][  0]LogTemp: Display: Loaded TP AndroidTargetPlatform
[2018.08.25-22.53.10:310][  0]LogTemp: Display: Loaded TP AndroidTargetPlatform
[2018.08.25-22.53.10:310][  0]LogTemp: Display: Loaded TP AndroidTargetPlatform
[2018.08.25-22.53.10:310][  0]LogTemp: Display: Loaded TP AndroidTargetPlatform
[2018.08.25-22.53.10:310][  0]LogTemp: Display: Loaded TP AndroidTargetPlatform
[2018.08.25-22.53.10:310][  0]LogTemp: Display: Loaded TP AndroidTargetPlatform
[2018.08.25-22.53.10:310][  0]LogTemp: Display: Loaded TP AndroidTargetPlatform
[2018.08.25-22.53.10:310][  0]LogTemp: Display: Loaded TP AndroidTargetPlatform
[2018.08.25-22.53.10:310][  0]LogTemp: Display: Loaded TP AndroidTargetPlatform
[2018.08.25-22.53.10:310][  0]LogTemp: Display: Loaded TP AndroidTargetPlatform
[2018.08.25-22.53.10:310][  0]LogTemp: Display: Loaded TP AndroidTargetPlatform
[2018.08.25-22.53.10:310][  0]LogTemp: Display: Loaded TP AndroidTargetPlatform
[2018.08.25-22.53.10:310][  0]LogTemp: Display: Loaded TP AndroidTargetPlatform
[2018.08.25-22.53.10:310][  0]LogTemp: Display: Loaded TP AndroidTargetPlatform
[2018.08.25-22.53.10:310][  0]LogTemp: Display: Loaded TP AndroidTargetPlatform
[2018.08.25-22.53.10:310][  0]LogTemp: Display: Loaded TP AndroidTargetPlatform
[2018.08.25-22.53.10:310][  0]LogTemp: Display: Loaded TP AndroidTargetPlatform
[2018.08.25-22.53.10:311][  0]LogTemp: Display: Loaded TP HTML5TargetPlatform
[2018.08.25-22.53.10:374][  0]LogTemp: Display: Loaded TP IOSTargetPlatform
[2018.08.25-22.53.10:374][  0]LogTemp: Display: Loaded TP IOSTargetPlatform
[2018.08.25-22.53.10:402][  0]LogTemp: Display: Loaded TP TVOSTargetPlatform
[2018.08.25-22.53.10:402][  0]LogTemp: Display: Loaded TP TVOSTargetPlatform
[2018.08.25-22.53.10:417][  0]LogTemp: Display: Loaded TP LinuxClientTargetPlatform
[2018.08.25-22.53.10:429][  0]LogTemp: Display: Loaded TP LinuxNoEditorTargetPlatform
[2018.08.25-22.53.10:446][  0]LogTemp: Display: Loaded TP LinuxServerTargetPlatform
[2018.08.25-22.53.10:459][  0]LogTemp: Display: Loaded TP LinuxTargetPlatform
[2018.08.25-22.53.10:471][  0]LogTemp: Display: Loaded TP LuminTargetPlatform
[2018.08.25-22.53.10:471][  0]LogTargetPlatformManager: Display: Building Assets For Windows
[2018.08.25-22.53.10:519][  0]LogXGEController: Cannot use XGE Controller as Incredibuild is not installed on this machine.
[2018.08.25-22.53.10:519][  0]LogShaderCompilers: Cannot use XGE Shader Compiler as Incredibuild is not installed on this machine.
[2018.08.25-22.53.10:519][  0]LogShaderCompilers: Display: Using Local Shader Compiler.
[2018.08.25-22.53.11:360][  0]LogDerivedDataCache: Display: Max Cache Size: 512 MB
[2018.08.25-22.53.11:434][  0]LogDerivedDataCache: Loaded boot cache 0.07s 71MB C:/Users/Zehx/AppData/Local/UnrealEngine/4.20/DerivedDataCache/Boot.ddc.
[2018.08.25-22.53.11:434][  0]LogDerivedDataCache: Display: Loaded Boot cache: C:/Users/Zehx/AppData/Local/UnrealEngine/4.20/DerivedDataCache/Boot.ddc
[2018.08.25-22.53.11:435][  0]LogDerivedDataCache: FDerivedDataBackendGraph:  Pak pak cache file ../../../../../../Projects/Game Jams/BrackeysJam/DerivedDataCache/DDC.ddp not found, will not use a pak cache.
[2018.08.25-22.53.11:435][  0]LogDerivedDataCache: Unable to find inner node Pak for hierarchical cache Hierarchy.
[2018.08.25-22.53.11:435][  0]LogDerivedDataCache: FDerivedDataBackendGraph:  CompressedPak pak cache file ../../../../../../Projects/Game Jams/BrackeysJam/DerivedDataCache/Compressed.ddp not found, will not use a pak cache.
[2018.08.25-22.53.11:435][  0]LogDerivedDataCache: Unable to find inner node CompressedPak for hierarchical cache Hierarchy.
[2018.08.25-22.53.11:450][  0]LogDerivedDataCache: Display: Pak cache opened for reading ../../../Engine/DerivedDataCache/Compressed.ddp.
[2018.08.25-22.53.11:462][  0]LogDerivedDataCache: Using Local data cache path C:/Users/Zehx/AppData/Local/UnrealEngine/Common/DerivedDataCache: Writable
[2018.08.25-22.53.11:462][  0]LogDerivedDataCache: Shared data cache path not found in *engine.ini, will not use an Shared cache.
[2018.08.25-22.53.11:462][  0]LogDerivedDataCache: Unable to find inner node Shared for hierarchical cache Hierarchy.
[2018.08.25-22.53.11:485][  0]LogMaterial: Verifying Global Shaders for PCD3D_SM5
[2018.08.25-22.53.11:486][  0]LogSlate: Using FreeType 2.6.0
[2018.08.25-22.53.11:487][  0]LogSlate: SlateFontServices - WITH_FREETYPE: 1, WITH_HARFBUZZ: 1
[2018.08.25-22.53.11:568][  0]LogAssetRegistry: FAssetRegistry took 0.0270 seconds to start up
[2018.08.25-22.53.11:978][  0]LogInit: Selected Device Profile: [Windows]
[2018.08.25-22.53.12:035][  0]LogSimplygon: Simplygon DLL not present - disabling.
[2018.08.25-22.53.12:038][  0]LogMeshReduction: Using SimplygonSwarm for distributed automatic mesh merging
[2018.08.25-22.53.12:038][  0]LogMeshReduction: Using ProxyLODMeshReduction for automatic mesh merging
[2018.08.25-22.53.12:038][  0]LogMeshReduction: Using QuadricMeshReduction for automatic static mesh reduction
[2018.08.25-22.53.12:038][  0]LogMeshReduction: No automatic skeletal mesh reduction module available
[2018.08.25-22.53.12:169][  0]LogNetVersion: BrackeysJam 1.0.0, NetCL: 4212847, EngineNetVer: 5, GameNetVer: 0 (Checksum: 269005526)
[2018.08.25-22.53.12:857][  0]LogPackageLocalizationCache: Processed 12 localized package path(s) for 2 prioritized culture(s) in 0.129950 seconds
[2018.08.25-22.53.12:866][  0]LogUObjectArray: 38425 objects as part of root set at end of initial load.
[2018.08.25-22.53.12:866][  0]LogUObjectAllocator: 6690872 out of 0 bytes used by permanent object pool.
[2018.08.25-22.53.12:866][  0]LogUObjectArray: CloseDisregardForGC: 0/0 objects in disregard for GC pool
[2018.08.25-22.53.13:884][  0]LogTcpMessaging: Initializing TcpMessaging bridge
[2018.08.25-22.53.13:897][  0]LogUdpMessaging: Initializing bridge on interface 0.0.0.0:0 to multicast group 230.0.0.1:6666.
[2018.08.25-22.53.14:018][  0]LogFMOD: FFMODStudioModule startup
[2018.08.25-22.53.14:018][  0]LogFMOD:  Lib path = '../../../../../../Projects/Game Jams/BrackeysJam/Plugins/FMODStudio/Binaries'
[2018.08.25-22.53.14:018][  0]LogFMOD: FFMODStudioModule::LoadDll: Loading ../../../../../../Projects/Game Jams/BrackeysJam/Plugins/FMODStudio/Binaries/Win64/fmodL64.dll
[2018.08.25-22.53.14:020][  0]LogFMOD: FFMODStudioModule::LoadDll: Loading ../../../../../../Projects/Game Jams/BrackeysJam/Plugins/FMODStudio/Binaries/Win64/fmodstudioL64.dll
[2018.08.25-22.53.14:078][  0]LogFMOD: Loading strings bank: ../../../../../../Projects/Game Jams/BrackeysJam/Content/FMOD/Desktop/Master Bank.strings.bank
[2018.08.25-22.53.14:080][  0]LogFMOD: Error: c:\jk\workspace\1.10_UE4.20_Win64\studio_api\src\fmod_bankmodel.cpp(163) - Failed to open file '../../../../../../Projects/Game Jams/BrackeysJam/Content/FMOD/Desktop/Master Bank.strings.bank'

[2018.08.25-22.53.14:080][  0]LogFMOD: Warning: Failed to load strings bank: ../../../../../../Projects/Game Jams/BrackeysJam/Content/FMOD/Desktop/Master Bank.strings.bank
[2018.08.25-22.53.14:084][  0]LogFMOD: Default sample rate = 48000
[2018.08.25-22.53.14:084][  0]LogFMOD: System sample rate = 96000
[2018.08.25-22.53.14:104][  0]LogFMOD: Warning: c:\jk\workspace\1.10_UE4.20_Win64\lowlevel_api\src\fmod_systemi.cpp(2822) - Output requires a sample rate of 96000Hz, resampling will occur.

[2018.08.25-22.53.14:111][  0]LogFMOD: Default sample rate = 48000
[2018.08.25-22.53.14:111][  0]LogFMOD: System sample rate = 96000
[2018.08.25-22.53.14:115][  0]LogFMOD: Warning: c:\jk\workspace\1.10_UE4.20_Win64\lowlevel_api\src\fmod_systemi.cpp(2822) - Output requires a sample rate of 96000Hz, resampling will occur.

[2018.08.25-22.53.14:158][  0]SourceControl: Source control is disabled
[2018.08.25-22.53.14:718][  0]LogAndroidPermission: UAndroidPermissionCallbackProxy::GetInstance
[2018.08.25-22.53.14:819][  0]LogOcInput: OculusInput pre-init called
[2018.08.25-22.53.14:824][  0]LogFMOD: FFMODStudioEditorModule startup
[2018.08.25-22.53.14:904][  0]LogEngine: Initializing Engine...
[2018.08.25-22.53.14:904][  0]LogHMD: Failed to initialize OpenVR with code 110
[2018.08.25-22.53.14:905][  0]LogStats: UGameplayTagsManager::ConstructGameplayTagTree: ImportINI prefixes -  0.000 s
[2018.08.25-22.53.14:905][  0]LogStats: UGameplayTagsManager::ConstructGameplayTagTree: Construct from data asset -  0.000 s
[2018.08.25-22.53.14:906][  0]LogStats: UGameplayTagsManager::ConstructGameplayTagTree: ImportINI -  0.000 s
[2018.08.25-22.53.14:906][  0]LogStats: UGameplayTagsManager::ConstructGameplayTagTree: GameplayTagTreeChangedEvent.Broadcast -  0.000 s
[2018.08.25-22.53.15:183][  0]LogInit: Initializing FReadOnlyCVARCache
[2018.08.25-22.53.15:197][  0]LogAIModule: Creating AISystem for world Untitled
[2018.08.25-22.53.15:317][  0]LogInit: XAudio2 using 'Aux 1-2 (MOTU MicroBook)' : 2 channels at 48 kHz using 32 bits per sample (channel mask 0x3)
[2018.08.25-22.53.15:325][  0]LogInit: FAudioDevice initialized.
[2018.08.25-22.53.15:326][  0]LogNetVersion: Set ProjectVersion to 1.0.0.0. Version Checksum will be recalculated on next use.
[2018.08.25-22.53.15:466][  0]LogDerivedDataCache: Saved boot cache 0.14s 71MB C:/Users/Zehx/AppData/Local/UnrealEngine/4.20/DerivedDataCache/Boot.ddc.
[2018.08.25-22.53.15:483][  0]LogInit: Texture streaming: Enabled
[2018.08.25-22.53.15:499][  0]LogEngineSessionManager: EngineSessionManager initialized
[2018.08.25-22.53.15:514][  0]LogInit: Transaction tracking system initialized
[2018.08.25-22.53.15:530][  0]BlueprintLog: New page: Editor Load
[2018.08.25-22.53.15:591][  0]LocalizationService: Localization service is disabled
[2018.08.25-22.53.15:894][  0]LogCook: Display: Max memory allowance for cook 16384mb min free memory 0mb
[2018.08.25-22.53.15:894][  0]LogCook: Display: Mobile HDR setting 1
[2018.08.25-22.53.15:894][  0]LogGameplayTags: Display: UGameplayTagsManager::DoneAddingNativeTags. DelegateIsBound: 0
[2018.08.25-22.53.15:894][  0]LogStats: UGameplayTagsManager::ConstructGameplayTagTree: ImportINI prefixes -  0.000 s
[2018.08.25-22.53.15:894][  0]LogStats: UGameplayTagsManager::ConstructGameplayTagTree: Construct from data asset -  0.000 s
[2018.08.25-22.53.15:894][  0]LogStats: UGameplayTagsManager::ConstructGameplayTagTree: ImportINI -  0.000 s
[2018.08.25-22.53.15:894][  0]LogStats: UGameplayTagsManager::ConstructGameplayTagTree: GameplayTagTreeChangedEvent.Broadcast -  0.000 s
[2018.08.25-22.53.16:015][  0]LogFileCache: Scanning file cache for directory 'D:/Projects/Game Jams/BrackeysJam/Content/' took 0.01s
[2018.08.25-22.53.16:015][  0]Cmd: MAP LOAD FILE="../../../Engine/Content/Maps/Templates/Template_Default.umap" TEMPLATE=1 SHOWPROGRESS=1 FEATURELEVEL=3
[2018.08.25-22.53.16:015][  0]LightingResults: New page: Lighting Build
[2018.08.25-22.53.16:017][  0]MapCheck: New page: Map Check
[2018.08.25-22.53.16:017][  0]LightingResults: New page: Lighting Build
[2018.08.25-22.53.16:258][  0]LogAIModule: Creating AISystem for world Untitled_1
[2018.08.25-22.53.16:267][  0]LogEditorServer: Finished looking for orphan Actors (0.000 secs)
[2018.08.25-22.53.16:293][  0]Cmd: MAP CHECKDEP NOCLEARLOG
[2018.08.25-22.53.16:346][  0]MapCheck: Map check complete: 0 Error(s), 0 Warning(s), took 52.498ms to complete.
[2018.08.25-22.53.16:346][  0]LogFileHelpers: Loading map 'Template_Default' took 0.332
[2018.08.25-22.53.16:483][  0]LogSlate: Updating window title bar state: overlay mode, drag disabled, window buttons hidden, title bar hidden
[2018.08.25-22.53.16:496][  0]LogSlate: Updating window title bar state: overlay mode, drag disabled, window buttons hidden, title bar hidden
[2018.08.25-22.53.16:510][  0]LogSlate: Updating window title bar state: overlay mode, drag disabled, window buttons hidden, title bar hidden
[2018.08.25-22.53.16:523][  0]LogSlate: Updating window title bar state: overlay mode, drag disabled, window buttons hidden, title bar hidden
[2018.08.25-22.53.16:529][  0]LogCollectionManager: Loaded 0 collections in 0.001485 seconds
[2018.08.25-22.53.16:580][  0]LogFileCache: Scanning file cache for directory 'D:/Projects/Game Jams/BrackeysJam/Saved/Collections/' took 0.01s
[2018.08.25-22.53.16:580][  0]LogFileCache: Scanning file cache for directory 'D:/Projects/Game Jams/BrackeysJam/Content/Developers/Zehx/Collections/' took 0.01s
[2018.08.25-22.53.16:580][  0]LogFileCache: Scanning file cache for directory 'D:/Projects/Game Jams/BrackeysJam/Content/Collections/' took 0.01s
[2018.08.25-22.53.16:580][  0]LogCollectionManager: Rebuilt the GUID cache for 0 collections in 0.000003 seconds
[2018.08.25-22.53.16:591][  0]LogContentBrowser: Native class hierarchy populated in 0.0107 seconds. Added 2588 classes and 610 folders.
[2018.08.25-22.53.16:597][  0]LogContentBrowser: Native class hierarchy updated for 'WidgetCarousel' in 0.0003 seconds. Added 0 classes and 0 folders.
[2018.08.25-22.53.16:637][  0]LogContentBrowser: Native class hierarchy updated for 'AddContentDialog' in 0.0003 seconds. Added 0 classes and 0 folders.
[2018.08.25-22.53.16:641][  0]LogContentBrowser: Native class hierarchy updated for 'SceneOutliner' in 0.0005 seconds. Added 1 classes and 2 folders.
[2018.08.25-22.53.16:738][  0]LogSlate: Took 0.000979 seconds to synchronously load lazily loaded font '../../../Engine/Content/Slate/Fonts/Roboto-Regular.ttf' (155K)
[2018.08.25-22.53.16:741][  0]LogSlate: Took 0.000428 seconds to synchronously load lazily loaded font '../../../Engine/Content/Slate/Fonts/Roboto-Bold.ttf' (160K)
[2018.08.25-22.53.16:756][  0]LogSlate: Took 0.000281 seconds to synchronously load lazily loaded font '../../../Engine/Content/Editor/Slate/Fonts/FontAwesome.ttf' (139K)
[2018.08.25-22.53.16:886][  0]LogRenderer: Reallocating scene render targets to support 1208x576 Format 10 NumSamples 1 (Frame:1).
[2018.08.25-22.53.17:183][  0]LogSlate: FSceneViewport::OnFocusLost() reason 2
[2018.08.25-22.53.17:185][  0]LogWindowsTextInputMethodSystem: Display: IME system now deactivated.
[2018.08.25-22.53.17:269][  0]LogContentBrowser: Native class hierarchy updated for 'HierarchicalLODOutliner' in 0.0003 seconds. Added 0 classes and 0 folders.
[2018.08.25-22.53.17:269][  0]LogLoad: (Engine Initialization) Total time: 9.83 seconds
[2018.08.25-22.53.17:269][  0]LogLoad: (Engine Initialization) Total Blueprint compile time: 0.00 seconds
[2018.08.25-22.53.17:309][  0]LogContentStreaming: Texture pool size now 1000 MB
[2018.08.25-22.53.17:334][  0]LogSlate: Took 0.000222 seconds to synchronously load lazily loaded font '../../../Engine/Content/Slate/Fonts/Roboto-Light.ttf' (167K)
[2018.08.25-22.53.17:349][  1]LogAssetRegistry: Asset discovery search completed in 5.8024 seconds
[2018.08.25-22.53.17:351][  1]LogCollectionManager: Rebuilt the object cache for 0 collections in 0.000000 seconds (found 0 objects)
[2018.08.25-22.53.17:351][  1]LogCollectionManager: Fixed up redirectors for 0 collections in 0.000072 seconds (updated 0 objects)
[2018.08.25-22.53.19:955][145]LogSlate: FSceneViewport::OnFocusLost() reason 2
[2018.08.25-22.53.21:324][226]LogSlate: FSceneViewport::OnFocusLost() reason 2
[2018.08.25-22.53.22:762][311]LogSlate: FSceneViewport::OnFocusLost() reason 2
[2018.08.25-22.53.23:018][325]LogSlate: FSceneViewport::OnFocusLost() reason 2
[2018.08.25-22.53.23:196][335]LogSlate: FSceneViewport::OnFocusLost() reason 2
[2018.08.25-22.53.24:439][409]LogSlate: FSceneViewport::OnFocusLost() reason 2
[2018.08.25-22.53.26:462][521]LogSlate: FSceneViewport::OnFocusLost() reason 0
[2018.08.25-22.53.30:367][749]LogSlate: FSceneViewport::OnFocusLost() reason 0
[2018.08.25-22.53.30:432][753]LogSlate: Window 'Plugins' being destroyed
[2018.08.25-22.53.30:438][753]LogSlate: Window 'Plugins' being destroyed
[2018.08.25-22.53.30:438][753]LogDirectoryWatcher: A directory notification for '../../../Engine/Plugins/' was aborted.
[2018.08.25-22.53.30:438][753]LogDirectoryWatcher: A directory notification for '../../../../../../Projects/Game Jams/BrackeysJam/Plugins/' was aborted.
[2018.08.25-22.53.31:521][816]LogSlate: FSceneViewport::OnFocusLost() reason 2
[2018.08.25-22.53.40:986][377]LogSlate: FSceneViewport::OnFocusLost() reason 2
[2018.08.25-22.53.47:776][780]LogSlate: FSceneViewport::OnFocusLost() reason 2
[2018.08.25-22.53.47:798][780]LogSlate: FSceneViewport::OnFocusLost() reason 2
[2018.08.25-22.53.48:934][847]LogSlate: FSceneViewport::OnFocusLost() reason 2
[2018.08.25-22.53.49:998][847]LogSlate: Only BGRA pngs, bmps or icos are supported in by External Image Picker
[2018.08.25-22.53.50:093][848]LogTemp: Executing iPhonePackager certificates Engine -bundlename com.YourCompany.BrackeysJam
[2018.08.25-22.53.50:093][848]LogTemp: CWD: D:\Programs\Epic Games\UE_4.20\Engine\Binaries\DotNET\IOS
[2018.08.25-22.53.50:093][848]LogTemp: Initial Dir: D:\Programs\Epic Games\UE_4.20
[2018.08.25-22.53.50:093][848]LogTemp: Env CWD: D:\Programs\Epic Games\UE_4.20\Engine\Binaries\DotNET\IOS
[2018.08.25-22.53.50:093][848]LogTemp: BranchPath = ZEHX-LAPTOP/D/Programs/Epic Games/UE_4.20/Engine/Binaries --- GameBranchPath = ZEHX-LAPTOP/D/Programs/Epic Games/UE_4.20/Engine/Binaries
[2018.08.25-22.53.50:093][848]LogTemp: IPP ERROR: Could not find provision directory 'C:\Users\Zehx\AppData\Local/Apple Computer/MobileDevice/Provisioning Profiles/'.
[2018.08.25-22.54.22:602][208]SourceControl: fatal: /Script: '/Script' is outside repository
[2018.08.25-22.54.49:052][777]LogSlate: Window 'Project Settings' being destroyed
[2018.08.25-22.54.49:058][777]LogSlate: Window 'Project Settings' being destroyed
[2018.08.25-22.54.52:766][995]LogSlate: FSceneViewport::OnFocusLost() reason 2
[2018.08.25-22.55.01:501][269]LogSlate: FSceneViewport::OnFocusLost() reason 0
[2018.08.25-22.55.12:376][898]SourceControl: Error: error: cannot pull with rebase: You have unstaged changes.
[2018.08.25-22.55.12:376][898]SourceControl: Error: error: additionally, your index contains uncommitted changes.
[2018.08.25-22.55.12:376][898]SourceControl: Error: error: please commit or stash them.
[2018.08.25-22.55.12:382][898]LogContentBrowser: Syncing 1 path(s):
[2018.08.25-22.55.52:057][167]LogFMOD: Sent studio message: studio.version
[2018.08.25-22.55.52:058][167]LogFMOD: Received studio message: log(): Connected to FMOD Studio on 127.0.0.1:3663.

[2018.08.25-22.55.52:059][167]LogFMOD: Received studio message: out(): Version 1.10.07, 64-bit, Build #95892


[2018.08.25-22.55.52:059][167]LogFMOD: Received studio version: Version 1.10.07, 64-bit, Build #95892
[2018.08.25-22.55.52:059][167]LogFMOD: Sent studio message: studio.project.filePath
[2018.08.25-22.55.52:059][167]LogFMOD: Received studio message: out(): D:/Projects/Game Jams/BrackeysJam/Content/Audio/FMOD/BrackeyJam_FMOD/BrackeyJam_FMOD.fspro


[2018.08.25-22.55.52:059][167]LogFMOD: Sent studio message: studio.project.filePath
[2018.08.25-22.55.52:060][167]LogFMOD: Received studio message: out(): D:/Projects/Game Jams/BrackeysJam/Content/Audio/FMOD/BrackeyJam_FMOD/BrackeyJam_FMOD.fspro


[2018.08.25-22.55.52:060][167]LogFMOD: Sent studio message: studio.project.workspace.builtBanksOutputDirectory
[2018.08.25-22.55.52:060][167]LogFMOD: Received studio message: out(): ../


[2018.08.25-22.55.54:110][167]LogSlate: Window 'Message' being destroyed
[2018.08.25-22.56.03:792][167]LogSlate: Window 'Message' being destroyed
[2018.08.25-22.56.05:184][167]LogSlate: Window 'Message' being destroyed
[2018.08.25-22.56.57:497][752]LogFMOD: Sent studio message: studio.version
[2018.08.25-22.56.57:499][752]LogFMOD: Received studio message: log(): Connected to FMOD Studio on 127.0.0.1:3663.

[2018.08.25-22.56.57:499][752]LogFMOD: Received studio message: out(): Version 1.10.07, 64-bit, Build #95892


[2018.08.25-22.56.57:499][752]LogFMOD: Received studio version: Version 1.10.07, 64-bit, Build #95892
[2018.08.25-22.56.57:499][752]LogFMOD: Sent studio message: studio.project.filePath
[2018.08.25-22.56.57:500][752]LogFMOD: Received studio message: out(): D:/Projects/Game Jams/BrackeysJam/Content/Audio/FMOD/BrackeyJam_FMOD/BrackeyJam_FMOD.fspro


[2018.08.25-22.56.57:500][752]LogFMOD: Sent studio message: studio.project.filePath
[2018.08.25-22.56.57:500][752]LogFMOD: Received studio message: out(): D:/Projects/Game Jams/BrackeysJam/Content/Audio/FMOD/BrackeyJam_FMOD/BrackeyJam_FMOD.fspro


[2018.08.25-22.56.57:500][752]LogFMOD: Sent studio message: studio.project.workspace.builtBanksOutputDirectory
[2018.08.25-22.56.57:501][752]LogFMOD: Received studio message: out(): ../


[2018.08.25-22.56.59:772][752]LogSlate: Window 'Message' being destroyed
[2018.08.25-22.57.00:893][752]LogSlate: Window 'Message' being destroyed
[2018.08.25-22.57.07:013][104]LogFMOD: Sent studio message: studio.version
[2018.08.25-22.57.07:014][104]LogFMOD: Received studio message: log(): Connected to FMOD Studio on 127.0.0.1:3663.

[2018.08.25-22.57.07:014][104]LogFMOD: Received studio message: out(): Version 1.10.07, 64-bit, Build #95892


[2018.08.25-22.57.07:014][104]LogFMOD: Received studio version: Version 1.10.07, 64-bit, Build #95892
[2018.08.25-22.57.07:014][104]LogFMOD: Sent studio message: studio.project.filePath
[2018.08.25-22.57.07:014][104]LogFMOD: Received studio message: out(): D:/Projects/Game Jams/BrackeysJam/Content/Audio/FMOD/BrackeyJam_FMOD/BrackeyJam_FMOD.fspro


[2018.08.25-22.57.07:014][104]LogFMOD: Sent studio message: studio.project.filePath
[2018.08.25-22.57.07:014][104]LogFMOD: Received studio message: out(): D:/Projects/Game Jams/BrackeysJam/Content/Audio/FMOD/BrackeyJam_FMOD/BrackeyJam_FMOD.fspro


[2018.08.25-22.57.07:014][104]LogFMOD: Sent studio message: studio.project.workspace.builtBanksOutputDirectory
[2018.08.25-22.57.07:015][104]LogFMOD: Received studio message: out(): ../


[2018.08.25-22.57.12:268][104]LogSlate: Window 'Message' being destroyed
[2018.08.25-22.57.13:358][104]LogSlate: Window 'Message' being destroyed
[2018.08.25-22.58.38:236][391]LogEditorViewport: Clicking on Actor (LMB): BP_Sky_Sphere_C (Sky Sphere)
[2018.08.25-22.58.40:856][535]LogSlate: FSceneViewport::OnFocusLost() reason 0
[2018.08.25-22.59.35:883][799]LogEditorViewport: Clicking on Actor (LMB): BP_Sky_Sphere_C (Sky Sphere)
[2018.08.25-22.59.36:206][816]LogEditorViewport: Clicking on Actor (context menu): BP_Sky_Sphere_C (Sky Sphere)
[2018.08.25-22.59.36:266][816]LogSlate: FSceneViewport::OnFocusLost() reason 2
[2018.08.25-22.59.38:248][933]LogEditorViewport: Clicking on Actor (LMB): BP_Sky_Sphere_C (Sky Sphere)
[2018.08.25-22.59.40:315][ 50]LogSlate: FSceneViewport::OnFocusLost() reason 0
[2018.08.25-23.00.16:872][971]LogEditorViewport: Clicking on Actor (LMB): BP_Sky_Sphere_C (Sky Sphere)
[2018.08.25-23.00.23:412][351]LogEditorViewport: Clicking on Actor (LMB): BP_Sky_Sphere_C (Sky Sphere)
[2018.08.25-23.00.24:046][387]LogEditorViewport: Clicking on Actor (context menu): BP_Sky_Sphere_C (Sky Sphere)
[2018.08.25-23.00.24:101][387]LogSlate: FSceneViewport::OnFocusLost() reason 2
[2018.08.25-23.00.25:032][440]LogEditorViewport: Clicking on Actor (LMB): BP_Sky_Sphere_C (Sky Sphere)
[2018.08.25-23.00.25:883][486]LogSlate: FSceneViewport::OnFocusLost() reason 0
[2018.08.25-23.00.26:697][530]SourceControl: fatal: /Temp: '/Temp' is outside repository
[2018.08.25-23.00.28:665][643]LogSlate: FSceneViewport::OnFocusLost() reason 2
[2018.08.25-23.00.32:459][863]LogSlate: FSceneViewport::OnFocusLost() reason 2
[2018.08.25-23.01.01:070][552]LogSlate: Window 'Select Path' being destroyed
[2018.08.25-23.01.01:172][552]LogSlate: Took 0.000228 seconds to synchronously load lazily loaded font '../../../Engine/Content/Slate/Fonts/Roboto-Light.ttf' (167K)
[2018.08.25-23.01.01:178][552]LogSlate: FSceneViewport::OnFocusLost() reason 2
[2018.08.25-23.01.01:186][552]LogAssetEditorManager: Opening Asset editor for Blueprint /Game/Developers/Zehx/FMOD/BGM_Blueprint.BGM_Blueprint
[2018.08.25-23.01.01:776][552]LogContentBrowser: Native class hierarchy updated for 'BlueprintGraph' in 0.0008 seconds. Added 116 classes and 0 folders.
[2018.08.25-23.01.11:543][916]LogSlate: Took 0.000384 seconds to synchronously load lazily loaded font '../../../Engine/Content/Slate/Fonts/Roboto-BoldCondensed.ttf' (158K)
[2018.08.25-23.03.17:500][571]Cmd: OBJ SAVEPACKAGE PACKAGE="/Temp/Untitled_1" FILE="../../../../../../Projects/Game Jams/BrackeysJam/Saved/Autosaves/Temp/Untitled_1_Auto1.umap" SILENT=true AUTOSAVING=true KEEPDIRTY=false
[2018.08.25-23.03.17:529][571]LogSavePackage: Moving '../../../../../../Projects/Game Jams/BrackeysJam/Saved/Untitled_1_Auto14D1C5BD3400270804F5510AFDED42F7F.tmp' to '../../../../../../Projects/Game Jams/BrackeysJam/Saved/Autosaves/Temp/Untitled_1_Auto1.umap'
[2018.08.25-23.03.17:532][571]LogFileHelpers: Editor autosave (incl. sublevels) for '/Temp/Untitled_1' took 0.069
[2018.08.25-23.03.17:533][571]LogFileHelpers: Editor autosave (incl. sublevels) for all levels took 0.069
[2018.08.25-23.03.17:538][571]OBJ SavePackage: Generating thumbnails for [0] asset(s) in package [/Game/Developers/Zehx/FMOD/BGM_Blueprint] ([1] browsable assets)...
[2018.08.25-23.03.17:538][571]OBJ SavePackage: Finished generating thumbnails for package [/Game/Developers/Zehx/FMOD/BGM_Blueprint]
[2018.08.25-23.03.17:553][571]LogSavePackage: Moving '../../../../../../Projects/Game Jams/BrackeysJam/Saved/BGM_Blueprint_Auto1415367004D759CF394329AB3A2F76ECC.tmp' to '../../../../../../Projects/Game Jams/BrackeysJam/Saved/Autosaves/Game/Developers/Zehx/FMOD/BGM_Blueprint_Auto1.uasset'
[2018.08.25-23.03.17:554][571]LogFileHelpers: Auto-saving content packages took 0.018
[2018.08.25-23.05.08:924][297]LogSlate: Took 0.000265 seconds to synchronously load lazily loaded font '../../../Engine/Content/Slate/Fonts/Roboto-Italic.ttf' (157K)
[2018.08.25-23.06.53:862][329]BlueprintLog: New page: Compile BGM_Blueprint
[2018.08.25-23.06.55:621][401]LogTemp: Repeating last play command: Selected Viewport
[2018.08.25-23.06.55:670][401]LogFMOD: Creating runtime Studio System
[2018.08.25-23.06.55:673][401]LogFMOD: Default sample rate = 48000
[2018.08.25-23.06.55:673][401]LogFMOD: System sample rate = 96000
[2018.08.25-23.06.55:677][401]LogFMOD: Warning: c:\jk\workspace\1.10_UE4.20_Win64\lowlevel_api\src\fmod_systemi.cpp(2822) - Output requires a sample rate of 96000Hz, resampling will occur.

[2018.08.25-23.06.55:682][401]LogFMOD: Loading Banks
[2018.08.25-23.06.55:721][401]LogPlayLevel: PlayLevel: No blueprints needed recompiling
[2018.08.25-23.06.55:734][401]PIE: New page: PIE session: Untitled_1 (Aug 25, 2018, 9:06:55 AM)
[2018.08.25-23.06.55:734][401]LogPlayLevel: Creating play world package: /Temp/UEDPIE_0_Untitled_1
[2018.08.25-23.06.55:736][401]LogPlayLevel: PIE: StaticDuplicateObject took: (0.001910s)
[2018.08.25-23.06.55:737][401]LogAIModule: Creating AISystem for world Untitled_1
[2018.08.25-23.06.55:738][401]LogPlayLevel: PIE: World Init took: (0.001732s)
[2018.08.25-23.06.55:738][401]LogPlayLevel: PIE: Created PIE world by copying editor world from /Temp/Untitled_1.Untitled_1 to /Temp/UEDPIE_0_Untitled_1.Untitled_1 (0.003934s)
[2018.08.25-23.06.55:807][401]LogInit: XAudio2 using 'Aux 1-2 (MOTU MicroBook)' : 2 channels at 48 kHz using 32 bits per sample (channel mask 0x3)
[2018.08.25-23.06.55:813][401]LogInit: FAudioDevice initialized.
[2018.08.25-23.06.55:856][401]LogLoad: Game class is 'GameModeBase'
[2018.08.25-23.06.55:859][401]LogWorld: Bringing World /Temp/UEDPIE_0_Untitled_1.Untitled_1 up for play (max tick rate 60) at 2018.08.25-16.06.55
[2018.08.25-23.06.55:860][401]LogWorld: Bringing up level for play took: 0.001730
[2018.08.25-23.06.55:882][401]LogContentBrowser: Native class hierarchy updated for 'MovieSceneCapture' in 0.0004 seconds. Added 10 classes and 0 folders.
[2018.08.25-23.06.55:883][401]PIE: Play in editor start time for /Temp/UEDPIE_0_Untitled_1 0.04
[2018.08.25-23.07.01:871][745]LogSlate: Updating window title bar state: overlay mode, drag disabled, window buttons hidden, title bar hidden
[2018.08.25-23.07.01:906][745]LogPlayLevel: Display: Shutting down PIE online subsystems
[2018.08.25-23.07.01:936][745]LogSlate: Updating window title bar state: overlay mode, drag disabled, window buttons hidden, title bar hidden
[2018.08.25-23.07.01:982][746]LogPlayLevel: Display: Destroying online subsystem :Context_3
[2018.08.25-23.07.53:558][156]LogSlate: FSceneViewport::OnFocusLost() reason 2
[2018.08.25-23.07.53:571][156]Cmd: OBJ SAVEPACKAGE PACKAGE="/Game/Developers/Zehx/FMOD/BGM_Blueprint" FILE="../../../../../../Projects/Game Jams/BrackeysJam/Content/Developers/Zehx/FMOD/BGM_Blueprint.uasset" SILENT=true
[2018.08.25-23.07.53:592][156]LogSavePackage: Moving '../../../../../../Projects/Game Jams/BrackeysJam/Saved/BGM_BlueprintF70E3DE84D2B57E9CB9D0D85F6863BD6.tmp' to '../../../../../../Projects/Game Jams/BrackeysJam/Content/Developers/Zehx/FMOD/BGM_Blueprint.uasset'
[2018.08.25-23.09.00:848][378]LogSlate: Only BGRA pngs, bmps or icos are supported in by External Image Picker
[2018.08.25-23.09.00:951][379]LogTemp: Executing iPhonePackager certificates Engine -bundlename com.YourCompany.BrackeysJam
[2018.08.25-23.09.00:951][379]LogTemp: CWD: D:\Programs\Epic Games\UE_4.20\Engine\Binaries\DotNET\IOS
[2018.08.25-23.09.00:951][379]LogTemp: Initial Dir: D:\Programs\Epic Games\UE_4.20
[2018.08.25-23.09.00:951][379]LogTemp: Env CWD: D:\Programs\Epic Games\UE_4.20\Engine\Binaries\DotNET\IOS
[2018.08.25-23.09.00:951][379]LogTemp: BranchPath = ZEHX-LAPTOP/D/Programs/Epic Games/UE_4.20/Engine/Binaries --- GameBranchPath = ZEHX-LAPTOP/D/Programs/Epic Games/UE_4.20/Engine/Binaries
[2018.08.25-23.09.00:951][379]LogTemp: IPP ERROR: Could not find provision directory 'C:\Users\Zehx\AppData\Local/Apple Computer/MobileDevice/Provisioning Profiles/'.
[2018.08.25-23.13.24:201][444]Cmd: OBJ SAVEPACKAGE PACKAGE="/Temp/Untitled_1" FILE="../../../../../../Projects/Game Jams/BrackeysJam/Saved/Autosaves/Temp/Untitled_1_Auto2.umap" SILENT=true AUTOSAVING=true KEEPDIRTY=false
[2018.08.25-23.13.24:228][444]LogSavePackage: Moving '../../../../../../Projects/Game Jams/BrackeysJam/Saved/Untitled_1_Auto212AFB1B0418FE1D62F8B9889599F0504.tmp' to '../../../../../../Projects/Game Jams/BrackeysJam/Saved/Autosaves/Temp/Untitled_1_Auto2.umap'
[2018.08.25-23.13.24:233][444]LogFileHelpers: Editor autosave (incl. sublevels) for '/Temp/Untitled_1' took 0.064
[2018.08.25-23.13.24:233][444]LogFileHelpers: Editor autosave (incl. sublevels) for all levels took 0.064
[2018.08.25-23.15.30:357][886]LogSlate: Window 'Project Settings' being destroyed
[2018.08.25-23.15.30:375][886]LogSlate: Window 'Project Settings' being destroyed
[2018.08.25-23.16.30:589][425]BlueprintLog: New page: Compile BGM_Blueprint
[2018.08.25-23.18.32:965][741]LogSlate: Window 'Message' being destroyed
[2018.08.25-23.23.24:873][225]Cmd: OBJ SAVEPACKAGE PACKAGE="/Temp/Untitled_1" FILE="../../../../../../Projects/Game Jams/BrackeysJam/Saved/Autosaves/Temp/Untitled_1_Auto3.umap" SILENT=true AUTOSAVING=true KEEPDIRTY=false
[2018.08.25-23.23.24:908][225]LogSavePackage: Moving '../../../../../../Projects/Game Jams/BrackeysJam/Saved/Untitled_1_Auto328188DFF42318B3CB4E756A9649EA0C6.tmp' to '../../../../../../Projects/Game Jams/BrackeysJam/Saved/Autosaves/Temp/Untitled_1_Auto3.umap'
[2018.08.25-23.23.24:911][225]LogFileHelpers: Editor autosave (incl. sublevels) for '/Temp/Untitled_1' took 0.077
[2018.08.25-23.23.24:911][225]LogFileHelpers: Editor autosave (incl. sublevels) for all levels took 0.077
[2018.08.25-23.23.24:920][225]OBJ SavePackage: Generating thumbnails for [0] asset(s) in package [/Game/Developers/Zehx/FMOD/BGM_Blueprint] ([1] browsable assets)...
[2018.08.25-23.23.24:920][225]OBJ SavePackage: Finished generating thumbnails for package [/Game/Developers/Zehx/FMOD/BGM_Blueprint]
[2018.08.25-23.23.24:953][225]LogSavePackage: Moving '../../../../../../Projects/Game Jams/BrackeysJam/Saved/BGM_Blueprint_Auto3CE40615E4040B7B8DD4964BB9273F37C.tmp' to '../../../../../../Projects/Game Jams/BrackeysJam/Saved/Autosaves/Game/Developers/Zehx/FMOD/BGM_Blueprint_Auto3.uasset'
[2018.08.25-23.23.24:953][225]LogFileHelpers: Auto-saving content packages took 0.035
[2018.08.25-23.30.52:908][558]AssetReimport: New page: Outstanding source content changes 9:30:52 AM
[2018.08.25-23.30.52:918][558]LogTemp: Couldn't find amount to resample to.
[2018.08.25-23.30.54:450][558]Cmd: OBJ SAVEPACKAGE PACKAGE="/Game/Audio/BJ_audio_loop_MainTheme_Climax" FILE="../../../../../../Projects/Game Jams/BrackeysJam/Content/Audio/BJ_audio_loop_MainTheme_Climax.uasset" SILENT=true
[2018.08.25-23.30.54:466][558]LogSavePackage: Moving '../../../../../../Projects/Game Jams/BrackeysJam/Saved/BJ_audio_loop_MainTheme_ClimaxD52F735143F89C699EADF3A17081E222.tmp' to '../../../../../../Projects/Game Jams/BrackeysJam/Content/Audio/BJ_audio_loop_MainTheme_Climax.uasset'
[2018.08.25-23.30.56:528][558]SourceControl: rm 'Content/Audio/FMOD/BrackeyJam_FMOD/Assets/BGM/BJ_audio_loop_MainTheme_Climax.uasset'
[2018.08.25-23.30.56:630][559]LogTemp: Couldn't find amount to resample to.
[2018.08.25-23.30.57:555][559]LogSavePackage: Moving '../../../../../../Projects/Game Jams/BrackeysJam/Saved/BJ_audio_loop_MainTheme_Lo-MedTr1261BEBF4316E9182109208AEC8EFD72.tmp' to '../../../../../../Projects/Game Jams/BrackeysJam/Content/Audio/BJ_audio_loop_MainTheme_Lo-MedTransition.uasset'
[2018.08.25-23.30.58:799][559]SourceControl: rm 'Content/Audio/FMOD/BrackeyJam_FMOD/Assets/BGM/BJ_audio_loop_MainTheme_Lo-MedTransition.uasset'
[2018.08.25-23.30.58:904][560]LogTemp: Couldn't find amount to resample to.
[2018.08.25-23.31.00:038][560]Cmd: OBJ SAVEPACKAGE PACKAGE="/Game/Audio/BJ_audio_loop_MainTheme_LowAction" FILE="../../../../../../Projects/Game Jams/BrackeysJam/Content/Audio/BJ_audio_loop_MainTheme_LowAction.uasset" SILENT=true
[2018.08.25-23.31.00:050][560]LogSavePackage: Moving '../../../../../../Projects/Game Jams/BrackeysJam/Saved/BJ_audio_loop_MainTheme_LowActioC2B090CF4FDB8B9FE638E593A59D300E.tmp' to '../../../../../../Projects/Game Jams/BrackeysJam/Content/Audio/BJ_audio_loop_MainTheme_LowAction.uasset'
[2018.08.25-23.31.01:507][560]SourceControl: rm 'Content/Audio/FMOD/BrackeyJam_FMOD/Assets/BGM/BJ_audio_loop_MainTheme_LowAction.uasset'
[2018.08.25-23.31.01:585][561]LogTemp: Couldn't find amount to resample to.
[2018.08.25-23.31.02:382][561]Cmd: OBJ SAVEPACKAGE PACKAGE="/Game/Audio/BJ_audio_loop_MainTheme_MainMenu" FILE="../../../../../../Projects/Game Jams/BrackeysJam/Content/Audio/BJ_audio_loop_MainTheme_MainMenu.uasset" SILENT=true
[2018.08.25-23.31.02:392][561]LogSavePackage: Moving '../../../../../../Projects/Game Jams/BrackeysJam/Saved/BJ_audio_loop_MainTheme_MainMenuE1A6E99F42639C6E320DE9A75FE50A29.tmp' to '../../../../../../Projects/Game Jams/BrackeysJam/Content/Audio/BJ_audio_loop_MainTheme_MainMenu.uasset'
[2018.08.25-23.31.03:586][561]SourceControl: rm 'Content/Audio/FMOD/BrackeyJam_FMOD/Assets/BGM/BJ_audio_loop_MainTheme_MainMenu.uasset'
[2018.08.25-23.31.03:657][562]LogTemp: Couldn't find amount to resample to.
[2018.08.25-23.31.04:946][562]LogSavePackage: Moving '../../../../../../Projects/Game Jams/BrackeysJam/Saved/BJ_audio_loop_MainTheme_MediumAc6C2A4EF34E01BBC7D02FBAA482FCD64D.tmp' to '../../../../../../Projects/Game Jams/BrackeysJam/Content/Audio/BJ_audio_loop_MainTheme_MediumAction.uasset'
[2018.08.25-23.31.06:477][562]SourceControl: rm 'Content/Audio/FMOD/BrackeyJam_FMOD/Assets/BGM/BJ_audio_loop_MainTheme_MediumAction.uasset'
[2018.08.25-23.31.06:548][563]LogTemp: Couldn't find amount to resample to.
[2018.08.25-23.31.07:580][563]LogSavePackage: Moving '../../../../../../Projects/Game Jams/BrackeysJam/Saved/BJ_audio_loop_MainTheme_RisingAc3FB8214A45F0AED3CF596289C7102890.tmp' to '../../../../../../Projects/Game Jams/BrackeysJam/Content/Audio/BJ_audio_loop_MainTheme_RisingAction.uasset'
[2018.08.25-23.31.08:971][563]SourceControl: rm 'Content/Audio/FMOD/BrackeyJam_FMOD/Assets/BGM/BJ_audio_loop_MainTheme_RisingAction.uasset'
[2018.08.25-23.31.09:190][564]Cmd: OBJ SAVEPACKAGE PACKAGE="/Game/Audio/BJ_audio_loop_MainTheme_Climax" FILE="../../../../../../Projects/Game Jams/BrackeysJam/Content/Audio/BJ_audio_loop_MainTheme_Climax.uasset" SILENT=true
[2018.08.25-23.31.09:222][564]LogSavePackage: Moving '../../../../../../Projects/Game Jams/BrackeysJam/Saved/BJ_audio_loop_MainTheme_ClimaxDDEF1A654EBE945FA588C4A31D58612E.tmp' to '../../../../../../Projects/Game Jams/BrackeysJam/Content/Audio/BJ_audio_loop_MainTheme_Climax.uasset'
[2018.08.25-23.31.09:268][564]LogSavePackage: Moving '../../../../../../Projects/Game Jams/BrackeysJam/Saved/BJ_audio_loop_MainTheme_Lo-MedTrA250DC8744017FDD42ABC99DA73FF494.tmp' to '../../../../../../Projects/Game Jams/BrackeysJam/Content/Audio/BJ_audio_loop_MainTheme_Lo-MedTransition.uasset'
[2018.08.25-23.31.09:279][564]Cmd: OBJ SAVEPACKAGE PACKAGE="/Game/Audio/BJ_audio_loop_MainTheme_LowAction" FILE="../../../../../../Projects/Game Jams/BrackeysJam/Content/Audio/BJ_audio_loop_MainTheme_LowAction.uasset" SILENT=true
[2018.08.25-23.31.09:298][564]LogSavePackage: Moving '../../../../../../Projects/Game Jams/BrackeysJam/Saved/BJ_audio_loop_MainTheme_LowActioBD11BE844E267EFA7FA72E84B22D4D99.tmp' to '../../../../../../Projects/Game Jams/BrackeysJam/Content/Audio/BJ_audio_loop_MainTheme_LowAction.uasset'
[2018.08.25-23.31.09:304][564]Cmd: OBJ SAVEPACKAGE PACKAGE="/Game/Audio/BJ_audio_loop_MainTheme_MainMenu" FILE="../../../../../../Projects/Game Jams/BrackeysJam/Content/Audio/BJ_audio_loop_MainTheme_MainMenu.uasset" SILENT=true
[2018.08.25-23.31.09:318][564]LogSavePackage: Moving '../../../../../../Projects/Game Jams/BrackeysJam/Saved/BJ_audio_loop_MainTheme_MainMenu186C1A84446224A7A7BC0FA734FD8B50.tmp' to '../../../../../../Projects/Game Jams/BrackeysJam/Content/Audio/BJ_audio_loop_MainTheme_MainMenu.uasset'
[2018.08.25-23.31.09:347][564]LogSavePackage: Moving '../../../../../../Projects/Game Jams/BrackeysJam/Saved/BJ_audio_loop_MainTheme_MediumAc95757F39414B6429ED8D439F2A279F64.tmp' to '../../../../../../Projects/Game Jams/BrackeysJam/Content/Audio/BJ_audio_loop_MainTheme_MediumAction.uasset'
[2018.08.25-23.31.09:372][564]LogSavePackage: Moving '../../../../../../Projects/Game Jams/BrackeysJam/Saved/BJ_audio_loop_MainTheme_RisingAc14342373487603F00B0950912D0E9700.tmp' to '../../../../../../Projects/Game Jams/BrackeysJam/Content/Audio/BJ_audio_loop_MainTheme_RisingAction.uasset'
[2018.08.25-23.31.12:397][721]AssetReimport: Moving asset /Game/Audio/FMOD/BrackeyJam_FMOD/Assets/BGM/BJ_audio_loop_MainTheme_Climax to /Game/Audio/BJ_audio_loop_MainTheme_Climax.
[2018.08.25-23.31.12:397][721]AssetReimport: Moving asset /Game/Audio/FMOD/BrackeyJam_FMOD/Assets/BGM/BJ_audio_loop_MainTheme_Lo-MedTransition to /Game/Audio/BJ_audio_loop_MainTheme_Lo-MedTransition.
[2018.08.25-23.31.12:398][721]AssetReimport: Moving asset /Game/Audio/FMOD/BrackeyJam_FMOD/Assets/BGM/BJ_audio_loop_MainTheme_LowAction to /Game/Audio/BJ_audio_loop_MainTheme_LowAction.
[2018.08.25-23.31.12:398][721]AssetReimport: Moving asset /Game/Audio/FMOD/BrackeyJam_FMOD/Assets/BGM/BJ_audio_loop_MainTheme_MainMenu to /Game/Audio/BJ_audio_loop_MainTheme_MainMenu.
[2018.08.25-23.31.12:398][721]AssetReimport: Moving asset /Game/Audio/FMOD/BrackeyJam_FMOD/Assets/BGM/BJ_audio_loop_MainTheme_MediumAction to /Game/Audio/BJ_audio_loop_MainTheme_MediumAction.
[2018.08.25-23.31.12:398][721]AssetReimport: Moving asset /Game/Audio/FMOD/BrackeyJam_FMOD/Assets/BGM/BJ_audio_loop_MainTheme_RisingAction to /Game/Audio/BJ_audio_loop_MainTheme_RisingAction.
[2018.08.25-23.33.27:897][789]LogFileHelpers: Editor autosave (incl. sublevels) for '/Temp/Untitled_1' took 0.037
[2018.08.25-23.33.27:899][789]OBJ SavePackage: Generating thumbnails for [0] asset(s) in package [/Game/Developers/Zehx/FMOD/BGM_Blueprint] ([1] browsable assets)...
[2018.08.25-23.33.27:899][789]OBJ SavePackage: Finished generating thumbnails for package [/Game/Developers/Zehx/FMOD/BGM_Blueprint]
[2018.08.25-23.33.27:928][789]LogSavePackage: Moving '../../../../../../Projects/Game Jams/BrackeysJam/Saved/BGM_Blueprint_Auto43091881F422B9F53DC6DB19F20413356.tmp' to '../../../../../../Projects/Game Jams/BrackeysJam/Saved/Autosaves/Game/Developers/Zehx/FMOD/BGM_Blueprint_Auto4.uasset'
[2018.08.25-23.33.27:929][789]LogFileHelpers: Auto-saving content packages took 0.031
[2018.08.25-23.33.57:194][963]Cmd: OBJ SAVEPACKAGE PACKAGE="/Game/Developers/Zehx/FMOD/BGM_Blueprint" FILE="../../../../../../Projects/Game Jams/BrackeysJam/Content/Developers/Zehx/FMOD/BGM_Blueprint.uasset" SILENT=true
[2018.08.25-23.33.57:212][963]LogSavePackage: Moving '../../../../../../Projects/Game Jams/BrackeysJam/Saved/BGM_BlueprintB41603314AB8327E90FAE0A993B39982.tmp' to '../../../../../../Projects/Game Jams/BrackeysJam/Content/Developers/Zehx/FMOD/BGM_Blueprint.uasset'
[2018.08.25-23.33.58:027][  6]BlueprintLog: New page: Compile BGM_Blueprint
[2018.08.25-23.33.59:558][ 80]LogSlate: Window 'BGM_Blueprint' being destroyed
[2018.08.25-23.33.59:568][ 80]LogSlate: Window 'BGM_Blueprint' being destroyed
[2018.08.25-23.34.10:576][661]LogSlate: Only BGRA pngs, bmps or icos are supported in by External Image Picker
[2018.08.25-23.34.10:660][662]LogTemp: Executing iPhonePackager certificates Engine -bundlename com.YourCompany.BrackeysJam
[2018.08.25-23.34.10:660][662]LogTemp: CWD: D:\Programs\Epic Games\UE_4.20\Engine\Binaries\DotNET\IOS
[2018.08.25-23.34.10:660][662]LogTemp: Initial Dir: D:\Programs\Epic Games\UE_4.20
[2018.08.25-23.34.10:660][662]LogTemp: Env CWD: D:\Programs\Epic Games\UE_4.20\Engine\Binaries\DotNET\IOS
[2018.08.25-23.34.10:660][662]LogTemp: BranchPath = ZEHX-LAPTOP/D/Programs/Epic Games/UE_4.20/Engine/Binaries --- GameBranchPath = ZEHX-LAPTOP/D/Programs/Epic Games/UE_4.20/Engine/Binaries
[2018.08.25-23.34.10:706][663]LogTemp: IPP ERROR: Could not find provision directory 'C:\Users\Zehx\AppData\Local/Apple Computer/MobileDevice/Provisioning Profiles/'.
[2018.08.25-23.34.46:931][786]LogSlate: Window 'Project Settings' being destroyed
[2018.08.25-23.34.46:935][786]LogSlate: Window 'Project Settings' being destroyed
[2018.08.25-23.34.49:281][920]SourceControl: fatal: /Temp: '/Temp' is outside repository
[2018.08.25-23.35.15:004][920]LogSlate: Window 'Save Level As' being destroyed
[2018.08.25-23.35.15:196][920]LogSavePackage: Moving '../../../../../../Projects/Game Jams/BrackeysJam/Saved/0x01TestMapE512DA2447544CD9F5FDB8A26684CEAA.tmp' to '../../../../../../Projects/Game Jams/BrackeysJam/Content/Developers/Zehx/Maps/0x01TestMap.umap'
[2018.08.25-23.35.15:613][920]LogSavePackage: Moving '../../../../../../Projects/Game Jams/BrackeysJam/Saved/0x01TestMap_BuiltDataA3D6B18D4870F6235116CEA21AA68837.tmp' to '../../../../../../Projects/Game Jams/BrackeysJam/Content/Developers/Zehx/Maps/0x01TestMap_BuiltData.uasset'
[2018.08.25-23.35.15:948][920]LogFileHelpers: Saving map '0x01TestMap' took 0.935
[2018.08.25-23.35.16:180][930]SourceControl: fatal: /Temp: '/Temp' is outside repository
[2018.08.25-23.36.06:144][500]AssetReimport: New page: Outstanding source content changes 9:36:06 AM
[2018.08.25-23.36.06:153][500]LogFactory: FactoryCreateFile: SoundWave with ReimportSoundFactory (0 0 D:/Projects/Game Jams/BrackeysJam/Content/Audio/FMOD/BrackeyJam_FMOD/Assets/BJ_audio_loop_MainTheme_RisingAction.wav)
[2018.08.25-23.36.06:185][500]LogFactory: FactoryCreateFile: SoundWave with ReimportSoundFactory (0 0 D:/Projects/Game Jams/BrackeysJam/Content/Audio/FMOD/BrackeyJam_FMOD/Assets/BJ_audio_loop_MainTheme_MediumAction.wav)
[2018.08.25-23.36.06:215][500]LogFactory: FactoryCreateFile: SoundWave with ReimportSoundFactory (0 0 D:/Projects/Game Jams/BrackeysJam/Content/Audio/FMOD/BrackeyJam_FMOD/Assets/BJ_audio_loop_MainTheme_MainMenu.wav)
[2018.08.25-23.36.06:233][500]LogFactory: FactoryCreateFile: SoundWave with ReimportSoundFactory (0 0 D:/Projects/Game Jams/BrackeysJam/Content/Audio/FMOD/BrackeyJam_FMOD/Assets/BJ_audio_loop_MainTheme_LowAction.wav)
[2018.08.25-23.36.06:255][500]LogFactory: FactoryCreateFile: SoundWave with ReimportSoundFactory (0 0 D:/Projects/Game Jams/BrackeysJam/Content/Audio/FMOD/BrackeyJam_FMOD/Assets/BJ_audio_loop_MainTheme_Lo-MedTransition.wav)
[2018.08.25-23.36.06:283][500]LogFactory: FactoryCreateFile: SoundWave with ReimportSoundFactory (0 0 D:/Projects/Game Jams/BrackeysJam/Content/Audio/FMOD/BrackeyJam_FMOD/Assets/BJ_audio_loop_MainTheme_Climax.wav)
[2018.08.25-23.36.06:638][501]LogSavePackage: Moving '../../../../../../Projects/Game Jams/BrackeysJam/Saved/BJ_audio_loop_MainTheme_RisingAc261EFCB0455D7BD9F6F622BC2E33E8CE.tmp' to '../../../../../../Projects/Game Jams/BrackeysJam/Content/Audio/FMOD/BrackeyJam_FMOD/Assets/BJ_audio_loop_MainTheme_RisingAction.uasset'
[2018.08.25-23.36.07:138][501]LogSavePackage: Moving '../../../../../../Projects/Game Jams/BrackeysJam/Saved/BJ_audio_loop_MainTheme_MediumAc92260D444567A9A92EC74191185F73DD.tmp' to '../../../../../../Projects/Game Jams/BrackeysJam/Content/Audio/FMOD/BrackeyJam_FMOD/Assets/BJ_audio_loop_MainTheme_MediumAction.uasset'
[2018.08.25-23.36.07:728][501]LogSavePackage: Moving '../../../../../../Projects/Game Jams/BrackeysJam/Saved/BJ_audio_loop_MainTheme_MainMenuF1A1D20A4591DCA933142CA649E23193.tmp' to '../../../../../../Projects/Game Jams/BrackeysJam/Content/Audio/FMOD/BrackeyJam_FMOD/Assets/BJ_audio_loop_MainTheme_MainMenu.uasset'
[2018.08.25-23.36.08:138][501]LogSavePackage: Moving '../../../../../../Projects/Game Jams/BrackeysJam/Saved/BJ_audio_loop_MainTheme_LowActio32C1D67C4EF844D6692731B62794A84C.tmp' to '../../../../../../Projects/Game Jams/BrackeysJam/Content/Audio/FMOD/BrackeyJam_FMOD/Assets/BJ_audio_loop_MainTheme_LowAction.uasset'
[2018.08.25-23.36.08:639][501]LogSavePackage: Moving '../../../../../../Projects/Game Jams/BrackeysJam/Saved/BJ_audio_loop_MainTheme_Lo-MedTrACBB1CBF44B77887AF611EA54A953354.tmp' to '../../../../../../Projects/Game Jams/BrackeysJam/Content/Audio/FMOD/BrackeyJam_FMOD/Assets/BJ_audio_loop_MainTheme_Lo-MedTransition.uasset'
[2018.08.25-23.36.09:058][501]LogSavePackage: Moving '../../../../../../Projects/Game Jams/BrackeysJam/Saved/BJ_audio_loop_MainTheme_Climax41F6A83B42290EF0AA69B08D84835023.tmp' to '../../../../../../Projects/Game Jams/BrackeysJam/Content/Audio/FMOD/BrackeyJam_FMOD/Assets/BJ_audio_loop_MainTheme_Climax.uasset'
[2018.08.25-23.36.13:669][511]LogSavePackage: Moving '../../../../../../Projects/Game Jams/BrackeysJam/Saved/BJ_audio_loop_MainTheme_MediumAc9AFBFDEB4129F73D20E07BB3905547C5.tmp' to '../../../../../../Projects/Game Jams/BrackeysJam/Content/Audio/FMOD/BrackeyJam_FMOD/Assets/BGM/BJ_audio_loop_MainTheme_MediumAction.uasset'
[2018.08.25-23.36.14:744][511]SourceControl: rm 'Content/Audio/FMOD/BrackeyJam_FMOD/Assets/BJ_audio_loop_MainTheme_MediumAction.uasset'
[2018.08.25-23.36.15:483][512]LogSavePackage: Moving '../../../../../../Projects/Game Jams/BrackeysJam/Saved/BJ_audio_loop_MainTheme_LowActio3B4CB09D4CF063BB8A4352877377CC55.tmp' to '../../../../../../Projects/Game Jams/BrackeysJam/Content/Audio/FMOD/BrackeyJam_FMOD/Assets/BGM/BJ_audio_loop_MainTheme_LowAction.uasset'
[2018.08.25-23.36.16:467][512]SourceControl: rm 'Content/Audio/FMOD/BrackeyJam_FMOD/Assets/BJ_audio_loop_MainTheme_LowAction.uasset'
[2018.08.25-23.36.17:151][513]LogSavePackage: Moving '../../../../../../Projects/Game Jams/BrackeysJam/Saved/BJ_audio_loop_MainTheme_MainMenu521D7F244DBBE865683954ACE5AB8EB7.tmp' to '../../../../../../Projects/Game Jams/BrackeysJam/Content/Audio/FMOD/BrackeyJam_FMOD/Assets/BGM/BJ_audio_loop_MainTheme_MainMenu.uasset'
[2018.08.25-23.36.17:990][513]SourceControl: rm 'Content/Audio/FMOD/BrackeyJam_FMOD/Assets/BJ_audio_loop_MainTheme_MainMenu.uasset'
[2018.08.25-23.36.18:713][514]LogSavePackage: Moving '../../../../../../Projects/Game Jams/BrackeysJam/Saved/BJ_audio_loop_MainTheme_Lo-MedTr2CD36223497C89AF99B9539DB128E5DF.tmp' to '../../../../../../Projects/Game Jams/BrackeysJam/Content/Audio/FMOD/BrackeyJam_FMOD/Assets/BGM/BJ_audio_loop_MainTheme_Lo-MedTransition.uasset'
[2018.08.25-23.36.19:590][514]SourceControl: rm 'Content/Audio/FMOD/BrackeyJam_FMOD/Assets/BJ_audio_loop_MainTheme_Lo-MedTransition.uasset'
[2018.08.25-23.36.20:391][515]LogSavePackage: Moving '../../../../../../Projects/Game Jams/BrackeysJam/Saved/BJ_audio_loop_MainTheme_RisingAcE0FFED4C46A5C8A5652CE3A489AAAB93.tmp' to '../../../../../../Projects/Game Jams/BrackeysJam/Content/Audio/FMOD/BrackeyJam_FMOD/Assets/BGM/BJ_audio_loop_MainTheme_RisingAction.uasset'
[2018.08.25-23.36.21:416][515]SourceControl: rm 'Content/Audio/FMOD/BrackeyJam_FMOD/Assets/BJ_audio_loop_MainTheme_RisingAction.uasset'
[2018.08.25-23.36.22:173][516]LogSavePackage: Moving '../../../../../../Projects/Game Jams/BrackeysJam/Saved/BJ_audio_loop_MainTheme_Climax1FBA52C541274C19CFF294AE89A02BF8.tmp' to '../../../../../../Projects/Game Jams/BrackeysJam/Content/Audio/FMOD/BrackeyJam_FMOD/Assets/BGM/BJ_audio_loop_MainTheme_Climax.uasset'
[2018.08.25-23.36.23:471][516]SourceControl: rm 'Content/Audio/FMOD/BrackeyJam_FMOD/Assets/BJ_audio_loop_MainTheme_Climax.uasset'
[2018.08.25-23.36.23:657][517]LogSavePackage: Moving '../../../../../../Projects/Game Jams/BrackeysJam/Saved/BJ_audio_loop_MainTheme_MediumAc1AE37D8F4994E456696CB2A5DE5E0540.tmp' to '../../../../../../Projects/Game Jams/BrackeysJam/Content/Audio/FMOD/BrackeyJam_FMOD/Assets/BGM/BJ_audio_loop_MainTheme_MediumAction.uasset'
[2018.08.25-23.36.23:684][517]LogSavePackage: Moving '../../../../../../Projects/Game Jams/BrackeysJam/Saved/BJ_audio_loop_MainTheme_LowActio69BEC6B74CD1B9CC02E2928F8484547A.tmp' to '../../../../../../Projects/Game Jams/BrackeysJam/Content/Audio/FMOD/BrackeyJam_FMOD/Assets/BGM/BJ_audio_loop_MainTheme_LowAction.uasset'
[2018.08.25-23.36.23:711][517]LogSavePackage: Moving '../../../../../../Projects/Game Jams/BrackeysJam/Saved/BJ_audio_loop_MainTheme_MainMenuB7FDCD9F48F15184029143A42D66B28E.tmp' to '../../../../../../Projects/Game Jams/BrackeysJam/Content/Audio/FMOD/BrackeyJam_FMOD/Assets/BGM/BJ_audio_loop_MainTheme_MainMenu.uasset'
[2018.08.25-23.36.23:736][517]LogSavePackage: Moving '../../../../../../Projects/Game Jams/BrackeysJam/Saved/BJ_audio_loop_MainTheme_Lo-MedTr26B8740748DABB9B0718D69CF05E0A07.tmp' to '../../../../../../Projects/Game Jams/BrackeysJam/Content/Audio/FMOD/BrackeyJam_FMOD/Assets/BGM/BJ_audio_loop_MainTheme_Lo-MedTransition.uasset'
[2018.08.25-23.36.23:764][517]LogSavePackage: Moving '../../../../../../Projects/Game Jams/BrackeysJam/Saved/BJ_audio_loop_MainTheme_RisingAc92D2042F4B58EFD0123B3CAB23298E28.tmp' to '../../../../../../Projects/Game Jams/BrackeysJam/Content/Audio/FMOD/BrackeyJam_FMOD/Assets/BGM/BJ_audio_loop_MainTheme_RisingAction.uasset'
[2018.08.25-23.36.23:803][517]LogSavePackage: Moving '../../../../../../Projects/Game Jams/BrackeysJam/Saved/BJ_audio_loop_MainTheme_ClimaxC75FBA1042A33AA173DD158C680CBAD1.tmp' to '../../../../../../Projects/Game Jams/BrackeysJam/Content/Audio/FMOD/BrackeyJam_FMOD/Assets/BGM/BJ_audio_loop_MainTheme_Climax.uasset'
[2018.08.25-23.36.24:516][521]LogFMOD: File has changed: ../../../../../../Projects/Game Jams/BrackeysJam/Content/FMOD/Desktop/Master Bank.strings.bank
[2018.08.25-23.36.24:603][521]LogFMOD: Loading strings bank: ../../../../../../Projects/Game Jams/BrackeysJam/Content/FMOD/Desktop/Master Bank.strings.bank
[2018.08.25-23.36.24:605][521]LogFMOD: Constructing asset: /Game/FMOD/Events/Music/BGM
[2018.08.25-23.36.24:605][521]LogFMOD: Skipping asset: bus:/
[2018.08.25-23.36.24:605][521]LogFMOD: Constructing asset: /Game/FMOD/Events/blank
[2018.08.25-23.36.24:606][521]LogFMOD: Constructing asset: /Game/FMOD/Banks/Master_Bank
[2018.08.25-23.36.24:606][521]LogFMOD: Constructing asset: /Game/FMOD/Buses/Reverb
[2018.08.25-23.36.24:606][521]LogFMOD: Skipping asset: bank:/Master Bank.strings
[2018.08.25-23.36.24:609][521]LogFMOD: Default sample rate = 48000
[2018.08.25-23.36.24:609][521]LogFMOD: System sample rate = 96000
[2018.08.25-23.36.24:614][521]LogFMOD: Warning: c:\jk\workspace\1.10_UE4.20_Win64\lowlevel_api\src\fmod_systemi.cpp(2822) - Output requires a sample rate of 96000Hz, resampling will occur.

[2018.08.25-23.36.24:755][521]LogFMOD: Default sample rate = 48000
[2018.08.25-23.36.24:755][521]LogFMOD: System sample rate = 96000
[2018.08.25-23.36.24:760][521]LogFMOD: Warning: c:\jk\workspace\1.10_UE4.20_Win64\lowlevel_api\src\fmod_systemi.cpp(2822) - Output requires a sample rate of 96000Hz, resampling will occur.

[2018.08.25-23.36.26:817][597]AssetReimport: Importing new asset /Game/Audio/FMOD/BrackeyJam_FMOD/Assets/BJ_audio_loop_MainTheme_RisingAction.
[2018.08.25-23.36.26:817][597]AssetReimport: Importing new asset /Game/Audio/FMOD/BrackeyJam_FMOD/Assets/BJ_audio_loop_MainTheme_MediumAction.
[2018.08.25-23.36.26:817][597]AssetReimport: Importing new asset /Game/Audio/FMOD/BrackeyJam_FMOD/Assets/BJ_audio_loop_MainTheme_MainMenu.
[2018.08.25-23.36.26:817][597]AssetReimport: Importing new asset /Game/Audio/FMOD/BrackeyJam_FMOD/Assets/BJ_audio_loop_MainTheme_LowAction.
[2018.08.25-23.36.26:817][597]AssetReimport: Importing new asset /Game/Audio/FMOD/BrackeyJam_FMOD/Assets/BJ_audio_loop_MainTheme_Lo-MedTransition.
[2018.08.25-23.36.26:817][597]AssetReimport: Importing new asset /Game/Audio/FMOD/BrackeyJam_FMOD/Assets/BJ_audio_loop_MainTheme_Climax.
[2018.08.25-23.36.26:817][597]AssetReimport: Moving asset /Game/Audio/FMOD/BrackeyJam_FMOD/Assets/BJ_audio_loop_MainTheme_MediumAction to /Game/Audio/FMOD/BrackeyJam_FMOD/Assets/BGM/BJ_audio_loop_MainTheme_MediumAction.
[2018.08.25-23.36.26:817][597]AssetReimport: Moving asset /Game/Audio/FMOD/BrackeyJam_FMOD/Assets/BJ_audio_loop_MainTheme_LowAction to /Game/Audio/FMOD/BrackeyJam_FMOD/Assets/BGM/BJ_audio_loop_MainTheme_LowAction.
[2018.08.25-23.36.26:817][597]AssetReimport: Moving asset /Game/Audio/FMOD/BrackeyJam_FMOD/Assets/BJ_audio_loop_MainTheme_MainMenu to /Game/Audio/FMOD/BrackeyJam_FMOD/Assets/BGM/BJ_audio_loop_MainTheme_MainMenu.
[2018.08.25-23.36.26:817][597]AssetReimport: Moving asset /Game/Audio/FMOD/BrackeyJam_FMOD/Assets/BJ_audio_loop_MainTheme_Lo-MedTransition to /Game/Audio/FMOD/BrackeyJam_FMOD/Assets/BGM/BJ_audio_loop_MainTheme_Lo-MedTransition.
[2018.08.25-23.36.26:817][597]AssetReimport: Moving asset /Game/Audio/FMOD/BrackeyJam_FMOD/Assets/BJ_audio_loop_MainTheme_RisingAction to /Game/Audio/FMOD/BrackeyJam_FMOD/Assets/BGM/BJ_audio_loop_MainTheme_RisingAction.
[2018.08.25-23.36.26:817][597]AssetReimport: Moving asset /Game/Audio/FMOD/BrackeyJam_FMOD/Assets/BJ_audio_loop_MainTheme_Climax to /Game/Audio/FMOD/BrackeyJam_FMOD/Assets/BGM/BJ_audio_loop_MainTheme_Climax.
[2018.08.25-23.42.14:398][429]LogSlate: FSceneViewport::OnFocusLost() reason 2
[2018.08.25-23.42.14:526][437]LogEditorViewport: Clicking on Component (LMB): SceneComponent (DefaultSceneRoot1)
[2018.08.25-23.42.15:034][466]LogEditorViewport: Clicking on Component (context menu): SceneComponent (DefaultSceneRoot1)
[2018.08.25-23.42.15:114][466]LogSlate: FSceneViewport::OnFocusLost() reason 2
[2018.08.25-23.42.17:390][600]LogEditorViewport: Clicking on Actor (LMB): BP_Sky_Sphere_C (Sky Sphere)
[2018.08.25-23.42.18:035][636]LogEditorViewport: Clicking on Actor (LMB): BGM_Blueprint_C (BGM_Blueprint)
[2018.08.25-23.42.18:517][661]LogEditorViewport: Clicking on Actor (context menu): BGM_Blueprint_C (BGM_Blueprint)
[2018.08.25-23.42.18:549][661]LogSlate: FSceneViewport::OnFocusLost() reason 2
[2018.08.25-23.42.19:953][743]LogSlate: FSceneViewport::OnFocusLost() reason 5
[2018.08.25-23.42.19:971][743]LogAssetEditorManager: Opening Asset editor for Blueprint /Game/Developers/Zehx/FMOD/BGM_Blueprint.BGM_Blueprint
[2018.08.25-23.42.32:196][302]BlueprintLog: New page: Compile BGM_Blueprint
[2018.08.25-23.42.34:189][358]LogSlate: FSceneViewport::OnFocusLost() reason 2
[2018.08.25-23.42.34:201][358]Cmd: OBJ SAVEPACKAGE PACKAGE="/Game/Developers/Zehx/FMOD/BGM_Blueprint" FILE="../../../../../../Projects/Game Jams/BrackeysJam/Content/Developers/Zehx/FMOD/BGM_Blueprint.uasset" SILENT=true
[2018.08.25-23.42.34:231][358]LogSavePackage: Moving '../../../../../../Projects/Game Jams/BrackeysJam/Saved/BGM_BlueprintF8E8AA2C48014A091504B7801E09E545.tmp' to '../../../../../../Projects/Game Jams/BrackeysJam/Content/Developers/Zehx/FMOD/BGM_Blueprint.uasset'
[2018.08.25-23.42.35:252][407]LogSlate: FSceneViewport::OnFocusLost() reason 0
[2018.08.25-23.42.36:289][466]LogSlate: FSceneViewport::OnFocusLost() reason 0
[2018.08.25-23.42.36:357][470]LogTemp: Repeating last play command: Selected Viewport
[2018.08.25-23.42.36:412][470]LogFMOD: Creating runtime Studio System
[2018.08.25-23.42.36:421][470]LogFMOD: Default sample rate = 48000
[2018.08.25-23.42.36:421][470]LogFMOD: System sample rate = 96000
[2018.08.25-23.42.36:435][470]LogFMOD: Warning: c:\jk\workspace\1.10_UE4.20_Win64\lowlevel_api\src\fmod_systemi.cpp(2822) - Output requires a sample rate of 96000Hz, resampling will occur.

[2018.08.25-23.42.36:444][470]LogFMOD: Loading Banks
[2018.08.25-23.42.36:482][470]LogPlayLevel: PlayLevel: No blueprints needed recompiling
[2018.08.25-23.42.36:482][470]PIE: New page: PIE session: 0x01TestMap (Aug 25, 2018, 9:42:36 AM)
[2018.08.25-23.42.36:482][470]LogPlayLevel: Creating play world package: /Game/Developers/Zehx/Maps/UEDPIE_0_0x01TestMap
[2018.08.25-23.42.36:484][470]LogPlayLevel: PIE: StaticDuplicateObject took: (0.002629s)
[2018.08.25-23.42.36:486][470]LogAIModule: Creating AISystem for world 0x01TestMap
[2018.08.25-23.42.36:486][470]LogPlayLevel: PIE: World Init took: (0.001373s)
[2018.08.25-23.42.36:486][470]LogPlayLevel: PIE: Created PIE world by copying editor world from /Game/Developers/Zehx/Maps/0x01TestMap.0x01TestMap to /Game/Developers/Zehx/Maps/UEDPIE_0_0x01TestMap.0x01TestMap (0.004153s)
[2018.08.25-23.42.36:559][470]LogInit: XAudio2 using 'Aux 1-2 (MOTU MicroBook)' : 2 channels at 48 kHz using 32 bits per sample (channel mask 0x3)
[2018.08.25-23.42.36:567][470]LogInit: FAudioDevice initialized.
[2018.08.25-23.42.36:598][470]LogLoad: Game class is 'GameModeBase'
[2018.08.25-23.42.36:599][470]LogWorld: Bringing World /Game/Developers/Zehx/Maps/UEDPIE_0_0x01TestMap.0x01TestMap up for play (max tick rate 60) at 2018.08.25-16.42.36
[2018.08.25-23.42.36:599][470]LogWorld: Bringing up level for play took: 0.000753
[2018.08.25-23.42.36:613][470]PIE: Play in editor start time for /Game/Developers/Zehx/Maps/UEDPIE_0_0x01TestMap 0.77
[2018.08.25-23.42.42:684][816]LogSlate: Updating window title bar state: overlay mode, drag disabled, window buttons hidden, title bar hidden
[2018.08.25-23.42.42:732][816]LogPlayLevel: Display: Shutting down PIE online subsystems
[2018.08.25-23.42.42:765][816]LogSlate: Updating window title bar state: overlay mode, drag disabled, window buttons hidden, title bar hidden
[2018.08.25-23.42.42:782][817]LogPlayLevel: Display: Destroying online subsystem :Context_5
[2018.08.25-23.44.58:026][380]LogSavePackage: Moving '../../../../../../Projects/Game Jams/BrackeysJam/Saved/0x01TestMap_Auto5B9F6ACFC4109C9CDCCC1F29E1C5A4F81.tmp' to '../../../../../../Projects/Game Jams/BrackeysJam/Saved/Autosaves/Game/Developers/Zehx/Maps/0x01TestMap_Auto5.umap'
[2018.08.25-23.44.58:032][380]LogFileHelpers: Editor autosave (incl. sublevels) for '/Game/Developers/Zehx/Maps/0x01TestMap' took 0.078
[2018.08.25-23.44.58:032][380]LogFileHelpers: Editor autosave (incl. sublevels) for all levels took 0.078
[2018.08.25-23.45.27:891][470]LogSlate: FSceneViewport::OnFocusLost() reason 2
